<?xml version="1.0" encoding="UTF-8"?>
<testng-results skipped="0" failed="0" ignored="0" total="1" passed="1">
  <reporter-output>
  </reporter-output>
  <suite name="Default suite" duration-ms="9065" started-at="2019-10-11T21:44:12 IST" finished-at="2019-10-11T21:44:21 IST">
    <groups>
    </groups>
    <test name="Default test" duration-ms="9065" started-at="2019-10-11T21:44:12 IST" finished-at="2019-10-11T21:44:21 IST">
      <class name="basicSelenium.SeleniumClass1">
        <test-method status="PASS" signature="login()[pri:0, instance:basicSelenium.SeleniumClass1@370736d9]" name="login" duration-ms="8965" started-at="2019-10-11T21:44:12 IST" finished-at="2019-10-11T21:44:21 IST">
          <reporter-output>
          </reporter-output>
        </test-method> <!-- login -->
      </class> <!-- basicSelenium.SeleniumClass1 -->
    </test> <!-- Default test -->
  </suite> <!-- Default suite -->
</testng-results>
