<?xml version="1.0" encoding="UTF-8"?>
<testng-results skipped="0" failed="0" ignored="0" total="1" passed="1">
  <reporter-output>
  </reporter-output>
  <suite name="Default suite" duration-ms="32397" started-at="2019-10-18T19:02:21 IST" finished-at="2019-10-18T19:02:53 IST">
    <groups>
    </groups>
    <test name="Default test" duration-ms="32397" started-at="2019-10-18T19:02:21 IST" finished-at="2019-10-18T19:02:53 IST">
      <class name="advancedSelenium.MouseHover">
        <test-method status="PASS" signature="login()[pri:0, instance:advancedSelenium.MouseHover@731a74c]" name="login" duration-ms="32293" started-at="2019-10-18T19:02:21 IST" finished-at="2019-10-18T19:02:53 IST">
          <reporter-output>
          </reporter-output>
        </test-method> <!-- login -->
      </class> <!-- advancedSelenium.MouseHover -->
    </test> <!-- Default test -->
  </suite> <!-- Default suite -->
</testng-results>
