<?xml version="1.0" encoding="UTF-8"?>
<!-- Generated by org.testng.reporters.JUnitXMLReporter -->
<testsuite hostname="DESKTOP-KG06VOA" ignored="0" name="Regression" tests="5" failures="0" timestamp="2019-10-16T20:40:58 IST" time="0.052" errors="0">
  <testcase name="testCase1" time="0.003" classname="BasicAnnotations.TestingClass2"/>
  <testcase name="testCase2" time="0.002" classname="BasicAnnotations.TestingClass2"/>
  <testcase name="test3" time="0.002" classname="BasicAnnotations.TestNGClass1"/>
  <testcase name="test1" time="0.002" classname="BasicAnnotations.TestNGClass1"/>
  <testcase name="test2" time="0.002" classname="BasicAnnotations.TestNGClass1"/>
</testsuite> <!-- Regression -->
