<?xml version="1.0" encoding="UTF-8"?>
<!-- Generated by org.testng.reporters.JUnitXMLReporter -->
<testsuite hostname="WINCTRL-T7I86OQ" ignored="0" name="Test" tests="5" failures="0" timestamp="2019-10-11T20:48:02 IST" time="0.222" errors="0">
  <testcase name="testCase1" time="0.023" classname="BasicAnnotations.TestingClass2"/>
  <testcase name="testCase2" time="0.0" classname="BasicAnnotations.TestingClass2"/>
  <testcase name="test3" time="0.0" classname="BasicAnnotations.TestNGClass1"/>
  <testcase name="test1" time="0.016" classname="BasicAnnotations.TestNGClass1"/>
  <testcase name="test2" time="0.0" classname="BasicAnnotations.TestNGClass1"/>
</testsuite> <!-- Test -->
