<?xml version="1.0" encoding="UTF-8"?>
<testng-results skipped="0" failed="0" ignored="0" total="3" passed="3">
  <reporter-output>
  </reporter-output>
  <suite name="Default suite" duration-ms="88" started-at="2019-10-20T23:06:36 IST" finished-at="2019-10-20T23:06:36 IST">
    <groups>
    </groups>
    <test name="Default test" duration-ms="88" started-at="2019-10-20T23:06:36 IST" finished-at="2019-10-20T23:06:36 IST">
      <class name="BasicAnnotations.TestNGClass1">
        <test-method status="PASS" signature="beforeClass()[pri:0, instance:BasicAnnotations.TestNGClass1@370736d9]" name="beforeClass" is-config="true" duration-ms="12" started-at="2019-10-20T23:06:36 IST" finished-at="2019-10-20T23:06:36 IST">
          <reporter-output>
          </reporter-output>
        </test-method> <!-- beforeClass -->
        <test-method status="PASS" signature="beforeMethod()[pri:0, instance:BasicAnnotations.TestNGClass1@370736d9]" name="beforeMethod" is-config="true" duration-ms="1" started-at="2019-10-20T23:06:36 IST" finished-at="2019-10-20T23:06:36 IST">
          <reporter-output>
          </reporter-output>
        </test-method> <!-- beforeMethod -->
        <test-method status="PASS" signature="test3()[pri:0, instance:BasicAnnotations.TestNGClass1@370736d9]" name="test3" duration-ms="11" started-at="2019-10-20T23:06:36 IST" finished-at="2019-10-20T23:06:36 IST">
          <reporter-output>
          </reporter-output>
        </test-method> <!-- test3 -->
        <test-method status="PASS" signature="afterMethod()[pri:0, instance:BasicAnnotations.TestNGClass1@370736d9]" name="afterMethod" is-config="true" duration-ms="1" started-at="2019-10-20T23:06:36 IST" finished-at="2019-10-20T23:06:36 IST">
          <reporter-output>
          </reporter-output>
        </test-method> <!-- afterMethod -->
        <test-method status="PASS" signature="beforeMethod()[pri:0, instance:BasicAnnotations.TestNGClass1@370736d9]" name="beforeMethod" is-config="true" duration-ms="1" started-at="2019-10-20T23:06:36 IST" finished-at="2019-10-20T23:06:36 IST">
          <reporter-output>
          </reporter-output>
        </test-method> <!-- beforeMethod -->
        <test-method status="PASS" signature="test1()[pri:1, instance:BasicAnnotations.TestNGClass1@370736d9]" name="test1" duration-ms="2" started-at="2019-10-20T23:06:36 IST" finished-at="2019-10-20T23:06:36 IST">
          <reporter-output>
          </reporter-output>
        </test-method> <!-- test1 -->
        <test-method status="PASS" signature="afterMethod()[pri:0, instance:BasicAnnotations.TestNGClass1@370736d9]" name="afterMethod" is-config="true" duration-ms="0" started-at="2019-10-20T23:06:36 IST" finished-at="2019-10-20T23:06:36 IST">
          <reporter-output>
          </reporter-output>
        </test-method> <!-- afterMethod -->
        <test-method status="PASS" signature="beforeMethod()[pri:0, instance:BasicAnnotations.TestNGClass1@370736d9]" name="beforeMethod" is-config="true" duration-ms="0" started-at="2019-10-20T23:06:36 IST" finished-at="2019-10-20T23:06:36 IST">
          <reporter-output>
          </reporter-output>
        </test-method> <!-- beforeMethod -->
        <test-method status="PASS" signature="test2()[pri:2, instance:BasicAnnotations.TestNGClass1@370736d9]" name="test2" duration-ms="2" started-at="2019-10-20T23:06:36 IST" finished-at="2019-10-20T23:06:36 IST">
          <reporter-output>
          </reporter-output>
        </test-method> <!-- test2 -->
        <test-method status="PASS" signature="afterMethod()[pri:0, instance:BasicAnnotations.TestNGClass1@370736d9]" name="afterMethod" is-config="true" duration-ms="1" started-at="2019-10-20T23:06:36 IST" finished-at="2019-10-20T23:06:36 IST">
          <reporter-output>
          </reporter-output>
        </test-method> <!-- afterMethod -->
        <test-method status="PASS" signature="afterClass()[pri:0, instance:BasicAnnotations.TestNGClass1@370736d9]" name="afterClass" is-config="true" duration-ms="0" started-at="2019-10-20T23:06:36 IST" finished-at="2019-10-20T23:06:36 IST">
          <reporter-output>
          </reporter-output>
        </test-method> <!-- afterClass -->
      </class> <!-- BasicAnnotations.TestNGClass1 -->
    </test> <!-- Default test -->
  </suite> <!-- Default suite -->
</testng-results>
