<?xml version="1.0" encoding="UTF-8"?>
<!-- Generated by org.testng.reporters.JUnitXMLReporter -->
<testsuite hostname="WINCTRL-T7I86OQ" ignored="0" name="Default test" tests="3" failures="0" timestamp="2019-10-11T21:09:38 IST" time="0.176" errors="0">
  <testcase name="login" time="0.031" classname="dataProvider.TestDataProvider1"/>
  <testcase name="login" time="0.0" classname="dataProvider.TestDataProvider1"/>
  <testcase name="login" time="0.0" classname="dataProvider.TestDataProvider1"/>
</testsuite> <!-- Default test -->
