<?xml version="1.0" encoding="UTF-8"?>
<!-- Generated by org.testng.reporters.JUnitXMLReporter -->
<testsuite hostname="DESKTOP-KG06VOA" ignored="0" name="Default test" tests="3" failures="0" timestamp="2019-10-20T23:06:36 IST" time="0.088" errors="0">
  <testcase name="test3" time="0.011" classname="BasicAnnotations.TestNGClass1"/>
  <testcase name="test1" time="0.002" classname="BasicAnnotations.TestNGClass1"/>
  <testcase name="test2" time="0.002" classname="BasicAnnotations.TestNGClass1"/>
</testsuite> <!-- Default test -->
